<?xml version="1.0" encoding="UTF-8"?>
<!-- Generated by org.testng.reporters.JUnitReportReporter -->
<testsuite hostname="DESKTOP-26134RG" failures="0" tests="1" name="testNG.InformationCommands" time="10.168" errors="0" timestamp="2022-03-20T18:10:43 IST" skipped="0">
  <testcase classname="testNG.InformationCommands" name="f" time="10.168"/>
  <system-out/>
</testsuite> <!-- testNG.InformationCommands -->
