<?xml version="1.0" encoding="UTF-8"?>
<!-- Generated by org.testng.reporters.JUnitReportReporter -->
<testsuite hostname="DESKTOP-26134RG" failures="0" tests="4" name="testNG.HMS_Alerts_PopUp" time="14.793" errors="0" timestamp="2022-03-19T17:53:27 IST" skipped="0">
  <testcase classname="testNG.HMS_Alerts_PopUp" name="verifyLogin" time="5.963"/>
  <system-out/>
  <testcase classname="testNG.HMS_Alerts_PopUp" name="PatientRegstartion" time="1.738"/>
  <system-out/>
  <testcase classname="testNG.HMS_Alerts_PopUp" name="verifyPR" time="6.936"/>
  <system-out/>
  <testcase classname="testNG.HMS_Alerts_PopUp" name="verifyAlert" time="0.156"/>
  <system-out/>
</testsuite> <!-- testNG.HMS_Alerts_PopUp -->
