<?xml version="1.0" encoding="UTF-8"?>
<!-- Generated by org.testng.reporters.JUnitReportReporter -->
<testsuite hostname="DESKTOP-26134RG" failures="0" tests="1" name="testNG.HMS_Login_Logout_ByXML" time="14.035" errors="0" timestamp="2022-03-21T17:34:06 IST" skipped="0">
  <testcase classname="testNG.HMS_Login_Logout_ByXML" name="f" time="14.035"/>
  <system-out/>
</testsuite> <!-- testNG.HMS_Login_Logout_ByXML -->
