<?xml version="1.0" encoding="UTF-8"?>
<!-- Generated by org.testng.reporters.JUnitReportReporter -->
<testsuite hostname="DESKTOP-26134RG" failures="0" tests="1" name="corejava.Palindrome" time="0.015" errors="0" timestamp="2022-03-19T09:49:27 IST" skipped="0">
  <testcase classname="corejava.Palindrome" name="f" time="0.015"/>
  <system-out/>
</testsuite> <!-- corejava.Palindrome -->
