<?xml version="1.0" encoding="UTF-8"?>
<!-- Generated by org.testng.reporters.JUnitReportReporter -->
<testsuite hostname="DESKTOP-26134RG" failures="0" tests="1" name="testNG.WebTableHandling" time="3.394" errors="0" timestamp="2022-03-19T13:05:19 IST" skipped="0">
  <testcase classname="testNG.WebTableHandling" name="f" time="3.394"/>
  <system-out/>
</testsuite> <!-- testNG.WebTableHandling -->
