<?xml version="1.0" encoding="UTF-8"?>
<!-- Generated by org.testng.reporters.JUnitReportReporter -->
<testsuite hostname="DESKTOP-26134RG" failures="0" tests="1" name="testNG.AjaxControlling" time="7.725" errors="0" timestamp="2022-03-19T17:05:18 IST" skipped="0">
  <testcase classname="testNG.AjaxControlling" name="f" time="7.725"/>
  <system-out/>
</testsuite> <!-- testNG.AjaxControlling -->
