<?xml version="1.0" encoding="UTF-8"?>
<!-- Generated by org.testng.reporters.JUnitReportReporter -->
<testsuite hostname="DESKTOP-26134RG" failures="0" tests="1" name="testNG.Google_TestNG_Parametrisation" time="11.226" errors="0" timestamp="2022-03-18T23:54:53 IST" skipped="0">
  <testcase classname="testNG.Google_TestNG_Parametrisation" name="googleLanguages" time="11.226"/>
  <system-out/>
</testsuite> <!-- testNG.Google_TestNG_Parametrisation -->
