<?xml version="1.0" encoding="UTF-8"?>
<!-- Generated by org.testng.reporters.JUnitReportReporter -->
<testsuite hostname="DESKTOP-26134RG" failures="0" tests="2" name="testNG.HMS_Login_Logout" time="4.782" errors="0" timestamp="2022-03-18T18:46:46 IST" skipped="0">
  <testcase classname="testNG.HMS_Login_Logout" name="verfiyLogin" time="4.164"/>
  <system-out/>
  <testcase classname="testNG.HMS_Login_Logout" name="verfiyLogout" time="0.618"/>
  <system-out/>
</testsuite> <!-- testNG.HMS_Login_Logout -->
