<?xml version="1.0" encoding="UTF-8"?>
<!-- Generated by org.testng.reporters.JUnitReportReporter -->
<testsuite hostname="DESKTOP-26134RG" failures="0" tests="2" name="testNG.ValidateDropdown" time="1.527" errors="0" timestamp="2022-03-21T12:48:36 IST" skipped="1">
  <testcase classname="testNG.ValidateDropdown" name="tagName" time="1.527"/>
  <system-out/>
  <testcase classname="testNG.ValidateDropdown" name="f">
    <skipped/>
  </testcase> <!-- f -->
  <system-out/>
</testsuite> <!-- testNG.ValidateDropdown -->
