<?xml version="1.0" encoding="UTF-8"?>
<!-- Generated by org.testng.reporters.JUnitReportReporter -->
<testsuite hostname="DESKTOP-26134RG" failures="0" tests="1" name="corejava.splitString" time="0.014" errors="0" timestamp="2022-03-19T10:12:16 IST" skipped="0">
  <testcase classname="corejava.splitString" name="f" time="0.014"/>
  <system-out/>
</testsuite> <!-- corejava.splitString -->
