<?xml version="1.0" encoding="UTF-8"?>
<!-- Generated by org.testng.reporters.JUnitReportReporter -->
<testsuite hostname="DESKTOP-26134RG" failures="0" tests="3" name="testNG.Sample" time="0.023" errors="0" timestamp="2022-03-18T18:29:25 IST" skipped="0">
  <testcase classname="testNG.Sample" name="cunny" time="0.003"/>
  <system-out/>
  <testcase classname="testNG.Sample" name="sunny" time="0.002"/>
  <system-out/>
  <testcase classname="testNG.Sample" name="bunny" time="0.018"/>
  <system-out/>
</testsuite> <!-- testNG.Sample -->
