<?xml version="1.0" encoding="UTF-8"?>
<!-- Generated by org.testng.reporters.JUnitReportReporter -->
<testsuite hostname="DESKTOP-26134RG" failures="0" tests="1" name="testNG.JQueryToolTips" time="0.500" errors="0" timestamp="2022-03-21T13:24:16 IST" skipped="0">
  <testcase classname="testNG.JQueryToolTips" name="f" time="0.500"/>
  <system-out/>
</testsuite> <!-- testNG.JQueryToolTips -->
