<?xml version="1.0" encoding="UTF-8"?>
<!-- Generated by org.testng.reporters.JUnitReportReporter -->
<testsuite hostname="DESKTOP-26134RG" failures="0" tests="1" name="testNG.ParentLinks" time="5.270" errors="0" timestamp="2022-03-21T12:27:29 IST" skipped="0">
  <testcase classname="testNG.ParentLinks" name="f" time="5.270"/>
  <system-out/>
</testsuite> <!-- testNG.ParentLinks -->
